<?xml version="1.0" encoding="UTF-8"?>
<!-- Generated by org.testng.reporters.JUnitXMLReporter -->
<testsuite hostname="DESKTOP-7ME5DRG" ignored="0" name="Default test" tests="3" failures="0" timestamp="2020-06-03T00:17:14 IST" time="45.401" errors="0">
  <testcase name="loginPageTitleTest" time="0.032" classname="com.crm.qa.testcases.LoginPageTest"/>
  <testcase name="loginPageLogoTest" time="0.147" classname="com.crm.qa.testcases.LoginPageTest"/>
  <testcase name="loginPageLoginTest" time="0.469" classname="com.crm.qa.testcases.LoginPageTest"/>
</testsuite> <!-- Default test -->
