<?xml version="1.0" encoding="UTF-8"?>
<!-- Generated by org.testng.reporters.JUnitXMLReporter -->
<testsuite hostname="DESKTOP-7ME5DRG" ignored="0" name="Default test" tests="3" failures="0" timestamp="2020-06-01T00:13:59 IST" time="81.816" errors="0">
  <testcase name="verifyContactsLinkTest" time="1.682" classname="com.crm.qa.testcases.HomePageTest"/>
  <testcase name="verifyHomePageTitleTest" time="0.016" classname="com.crm.qa.testcases.HomePageTest"/>
  <testcase name="verifyUserNameDisplayedTest" time="0.138" classname="com.crm.qa.testcases.HomePageTest"/>
</testsuite> <!-- Default test -->
