<?xml version="1.0" encoding="UTF-8"?>
<!-- Generated by org.testng.reporters.JUnitXMLReporter -->
<testsuite hostname="DESKTOP-7ME5DRG" ignored="0" name="Free CRM App Test Cases2" tests="6" failures="0" timestamp="2020-05-23T05:00:32 IST" time="88.609" errors="0">
  <testcase name="loginPageTitleTest" time="0.089" classname="com.crm.qa.testcases.LoginPageTest"/>
  <testcase name="loginPageLogoTest" time="0.112" classname="com.crm.qa.testcases.LoginPageTest"/>
  <testcase name="loginPageLoginTest" time="0.807" classname="com.crm.qa.testcases.LoginPageTest"/>
  <testcase name="verifyContactsLinkTest" time="1.74" classname="com.crm.qa.testcases.HomePageTest"/>
  <testcase name="verifyHomePageTitleTest" time="0.01" classname="com.crm.qa.testcases.HomePageTest"/>
  <testcase name="verifyUserNameDisplayedTest" time="0.115" classname="com.crm.qa.testcases.HomePageTest"/>
</testsuite> <!-- Free CRM App Test Cases2 -->
