<?xml version="1.0" encoding="UTF-8"?>
<!-- Generated by org.testng.reporters.JUnitXMLReporter -->
<testsuite hostname="DESKTOP-7ME5DRG" ignored="0" name="Free CRM App Test Cases" tests="3" failures="0" timestamp="2020-06-03T00:12:42 IST" time="49.837" errors="0">
  <testcase name="loginPageTitleTest" time="0.054" classname="com.crm.qa.testcases.LoginPageTest"/>
  <testcase name="loginPageLogoTest" time="0.23" classname="com.crm.qa.testcases.LoginPageTest"/>
  <testcase name="loginPageLoginTest" time="6.106" classname="com.crm.qa.testcases.LoginPageTest"/>
</testsuite> <!-- Free CRM App Test Cases -->
