<?xml version="1.0" encoding="UTF-8"?>
<testng-results skipped="0" failed="0" ignored="0" total="3" passed="3">
  <reporter-output>
  </reporter-output>
  <suite name="Default suite" duration-ms="45401" started-at="2020-06-03T00:16:28 IST" finished-at="2020-06-03T00:17:14 IST">
    <groups>
    </groups>
    <test name="Default test" duration-ms="45401" started-at="2020-06-03T00:16:28 IST" finished-at="2020-06-03T00:17:14 IST">
      <class name="com.crm.qa.testcases.LoginPageTest">
        <test-method status="PASS" signature="setup()[pri:0, instance:com.crm.qa.testcases.LoginPageTest@1f57539]" name="setup" is-config="true" duration-ms="16708" started-at="2020-06-03T00:16:28 IST" finished-at="2020-06-03T00:16:45 IST">
          <reporter-output>
          </reporter-output>
        </test-method> <!-- setup -->
        <test-method status="PASS" signature="loginPageTitleTest()[pri:1, instance:com.crm.qa.testcases.LoginPageTest@1f57539]" name="loginPageTitleTest" duration-ms="32" started-at="2020-06-03T00:16:45 IST" finished-at="2020-06-03T00:16:45 IST">
          <reporter-output>
          </reporter-output>
        </test-method> <!-- loginPageTitleTest -->
        <test-method status="PASS" signature="tearDown()[pri:0, instance:com.crm.qa.testcases.LoginPageTest@1f57539]" name="tearDown" is-config="true" duration-ms="1852" started-at="2020-06-03T00:16:45 IST" finished-at="2020-06-03T00:16:47 IST">
          <reporter-output>
          </reporter-output>
        </test-method> <!-- tearDown -->
        <test-method status="PASS" signature="setup()[pri:0, instance:com.crm.qa.testcases.LoginPageTest@1f57539]" name="setup" is-config="true" duration-ms="9556" started-at="2020-06-03T00:16:47 IST" finished-at="2020-06-03T00:16:56 IST">
          <reporter-output>
          </reporter-output>
        </test-method> <!-- setup -->
        <test-method status="PASS" signature="loginPageLogoTest()[pri:2, instance:com.crm.qa.testcases.LoginPageTest@1f57539]" name="loginPageLogoTest" duration-ms="147" started-at="2020-06-03T00:16:56 IST" finished-at="2020-06-03T00:16:57 IST">
          <reporter-output>
          </reporter-output>
        </test-method> <!-- loginPageLogoTest -->
        <test-method status="PASS" signature="tearDown()[pri:0, instance:com.crm.qa.testcases.LoginPageTest@1f57539]" name="tearDown" is-config="true" duration-ms="1622" started-at="2020-06-03T00:16:57 IST" finished-at="2020-06-03T00:16:58 IST">
          <reporter-output>
          </reporter-output>
        </test-method> <!-- tearDown -->
        <test-method status="PASS" signature="setup()[pri:0, instance:com.crm.qa.testcases.LoginPageTest@1f57539]" name="setup" is-config="true" duration-ms="13253" started-at="2020-06-03T00:16:58 IST" finished-at="2020-06-03T00:17:12 IST">
          <reporter-output>
          </reporter-output>
        </test-method> <!-- setup -->
        <test-method status="PASS" signature="loginPageLoginTest()[pri:3, instance:com.crm.qa.testcases.LoginPageTest@1f57539]" name="loginPageLoginTest" duration-ms="469" started-at="2020-06-03T00:17:12 IST" finished-at="2020-06-03T00:17:12 IST">
          <reporter-output>
          </reporter-output>
        </test-method> <!-- loginPageLoginTest -->
        <test-method status="PASS" signature="tearDown()[pri:0, instance:com.crm.qa.testcases.LoginPageTest@1f57539]" name="tearDown" is-config="true" duration-ms="1666" started-at="2020-06-03T00:17:12 IST" finished-at="2020-06-03T00:17:14 IST">
          <reporter-output>
          </reporter-output>
        </test-method> <!-- tearDown -->
      </class> <!-- com.crm.qa.testcases.LoginPageTest -->
    </test> <!-- Default test -->
  </suite> <!-- Default suite -->
</testng-results>
